2026-02-14 22:03:25,661 数据库链接信息：postgresql+psycopg2://postgres:xjchilli@127.0.0.1:5432/tdx_stock
2026-02-14 22:03:26,553 ######## 任务执行时间: 2026-02-14 22:03:26.553366 #######
2026-02-14 22:03:26,715 Database check passed.
2026-02-14 22:03:26,784 Base tables created.
2026-02-14 22:03:27,568 stockfetch.fetch_stocks处理异常：Expecting value: line 1 column 1 (char 0)
2026-02-14 22:03:28,211 stockfetch.fetch_etfs处理异常：Expecting value: line 1 column 1 (char 0)
2026-02-14 22:04:21,096 数据库链接信息：postgresql+psycopg2://postgres:xjchilli@127.0.0.1:5432/tdx_stock
2026-02-14 22:04:21,867 ######## 任务执行时间: 2026-02-14 22:04:21.867956 #######
2026-02-14 22:04:21,923 Database check passed.
2026-02-14 22:04:21,983 Base tables created.
2026-02-14 22:04:22,918 stockfetch.fetch_stocks处理异常：Expecting value: line 1 column 1 (char 0)
2026-02-14 22:04:23,113 stockfetch.fetch_etfs处理异常：Expecting value: line 1 column 1 (char 0)
2026-02-14 22:06:25,827 database.insert_other_db_from_df处理异常：cn_stock_selection表(psycopg2.errors.DatatypeMismatch) 错误:  字段 "macd_golden_fork" 的类型为 boolean, 但表达式的类型为 integer
LINE 1: ...55441719, 5.6729699667, 7.4711, 53.55, 30.614184, 0, 0, 0, 0...
                                                             ^
HINT:  你需要重写或转换表达式

[SQL: INSERT INTO cn_stock_selection (date, code, name, new_price, change_rate, volume_ratio, high_price, low_price, pre_close_price, volume, deal_amount, turnoverrate, listing_date, industry, area, concept, style, is_hs300, is_sz50, is_zz500, is_zz1000, i ... 782732 characters truncated ... (listing_volatility_year__157)s, %(mutual_netbuy_amt__157)s, %(hold_ratio__157)s, %(secucode__157)s)]
[parameters: {'directional_seo_3m__0': 0, 'listing_date__0': datetime.date(2020, 1, 9), 'sale_npr__0': 8.8427004738, 'holdnum_growthrate_hy__0': 7.4711, 'listing_yield_year__0': 24.029565751128, 'par_it_equity__0': None, 'listing_volatility_year__0': 9.716437313569, 'holder_change_3m__0': None, 'per_retained_earning__0': 2.038350152044, 'ddx_3d__0': 8.07, 'allcorp_num__0': 5.0, 'downnday__0': 0, 'parent_netprofit__0': 34691188.49, 'morning_star__0': 0, 'pettmdeducted__0': -87.95231398, 'free_cap__0': 3871488460, 'down_narrow_volume__0': 0, 'deal_amount__0': 1172478075.3, 'pbnewmrq__0': 7.46419546, 'executive_change_3m__0': None, 'changerate_10days__0': 41.75, 'equity_pledge_3m__0': 0, 'high_price__0': 41.76, 'breakup_ma_30days__0': 0, 'predict_netprofit_ratio__0': None, 'two_dayang_lines__0': 0, 'is_sz50__0': '否', 'net_inflow__0': 193407329, 'equity_pledge_6m__0': 0, 'is_zz500__0': '否', 'newfans_ratio__0': 73.86, 'secucode__0': '300812.SZ', 'deduct_netprofit_growthrate__0': 311.278358838464, 'holder_newest__0': 17081, 'upper_4days__0': 0, 'evening_star__0': 0, 'recapitalize_1m__0': 0, 'upnday__0': 3, 'allcorp_sb_num__0': None, 'limited_lift_f6m__0': 0, 'equity_multiplier__0': 1.868983794171, 'total_profit_growthrate__0': 240.6291058926, 'par_dividend__0': None, 'nowinterst_ratio_3d__0': 11.24, 'one_dayang_line__0': 0, 'high_recent_10days__0': 0, 'allcorp_qs_num__0': None, 'total_market_cap__0': 5849616731, 'allcorp_qfii_ratio__0': 1.48128498, 'break_through__0': 1 ... 32448 parameters truncated ... 'is_bps_break__157': None, 'is_hs300__157': '否', 'ycpeg__157': 0.614158096951, 'limited_lift_f1y__157': 0, 'sale_gpr__157': 10.5360024302, 'down_7days__157': 0, 'nowinterst_ratio__157': 9.49, 'win_market_30days__157': 0, 'new_high__157': 47, 'allcorp_ratio__157': 3.03198487, 'mutual_netbuy_amt__157': None, 'zxgxl__157': 0.4621145477, 'rise_sun__157': 0, 'per_fcfe__157': 2.842814, 'income_growthrate_3y__157': 25.3173999367, 'short_avg_array__157': 0, 'recapitalize_6m__157': 0, 'goodwill_assets_ratro__157': 4.427436423296, 'basic_eps__157': 2.32, 'low_recent_20days__157': 0, 'roic__157': 5.662721693729, 'total_operate_income__157': 15496714698.37, 'date__157': datetime.date(2026, 2, 13), 'netprofit_growthrate_3y__157': 1.7043426824, 'org_survey_3m__157': None, 'breakup_ma_60days__157': 0, 'directional_seo_1m__157': 0, 'holdnum_growthrate_3q__157': 25.9720798169, 'amplitude__157': 4.71, 'per_surplus_reserve__157': 0.5, 'name__157': '国恩股份', 'speed_ratio__157': 1.063645194299, 'equity_pledge_1m__157': 1, 'nowinterst_ratio_5d__157': 2.7, 'debt_asset_ratio__157': 61.4734516916, 'black_cloud_tops__157': 0, 'allcorp_xt_ratio__157': None, 'heaven_rule__157': 0, 'ddx_red_10d__157': 7, 'concept__157': '新材料, 体育产业, 新能源车, 地摊经济, 小米概念, 华为概念, 降解塑料, PEEK材料概念, 碳基材料, 机器人概念, 碳纤维, 充电桩', 'toi_yoy_ratio__157': 9.4364679126, 'hold_ratio_count__157': 67.33, 'allcorp_qfii_num__157': None, 'down_days__157': 0, 'pcfjyxjl9__157': 29.1886673, 'bigfans_ratio__157': 46.66, 'concern_rank_7days__157': 3166, 'changerate_3days__157': 5.15, 'restore_justice__157': 0, 'volume__157': 37042}]
(Background on this error at: https://sqlalche.me/e/20/f405)
2026-02-14 22:06:32,941 stockfetch.fetch_stocks_fund_flow处理异常：Expecting value: line 1 column 1 (char 0)
2026-02-14 22:06:33,233 stockfetch.fetch_stocks_fund_flow处理异常：Expecting value: line 1 column 1 (char 0)
2026-02-14 22:06:33,487 stockfetch.fetch_stocks_fund_flow处理异常：Expecting value: line 1 column 1 (char 0)
2026-02-14 22:06:33,861 stockfetch.fetch_stocks_fund_flow处理异常：Expecting value: line 1 column 1 (char 0)
2026-02-14 22:06:34,017 stockfetch.fetch_stocks_sector_fund_flow处理异常：Expecting property name enclosed in double quotes: line 1 column 2 (char 1)
2026-02-14 22:06:34,036 stockfetch.fetch_stocks_sector_fund_flow处理异常：Expecting property name enclosed in double quotes: line 1 column 2 (char 1)
2026-02-14 22:06:34,040 stockfetch.fetch_stocks_sector_fund_flow处理异常：Expecting property name enclosed in double quotes: line 1 column 2 (char 1)
2026-02-14 22:06:34,203 stockfetch.fetch_stocks_sector_fund_flow处理异常：Expecting property name enclosed in double quotes: line 1 column 2 (char 1)
2026-02-14 22:06:34,224 stockfetch.fetch_stocks_sector_fund_flow处理异常：Expecting property name enclosed in double quotes: line 1 column 2 (char 1)
2026-02-14 22:06:35,781 stockfetch.fetch_stocks_sector_fund_flow处理异常：Expecting property name enclosed in double quotes: line 1 column 2 (char 1)
2026-02-14 22:06:57,808 ######## 完成任务, 使用时间: 211.25560855865479 秒 #######
2026-02-14 22:07:21,823 database.insert_other_db_from_df处理异常：cn_stock_selection表(psycopg2.errors.DatatypeMismatch) 错误:  字段 "macd_golden_fork" 的类型为 boolean, 但表达式的类型为 integer
LINE 1: ...55441719, 5.6729699667, 7.4711, 53.55, 30.614184, 0, 0, 0, 0...
                                                             ^
HINT:  你需要重写或转换表达式

[SQL: INSERT INTO cn_stock_selection (date, code, name, new_price, change_rate, volume_ratio, high_price, low_price, pre_close_price, volume, deal_amount, turnoverrate, listing_date, industry, area, concept, style, is_hs300, is_sz50, is_zz500, is_zz1000, i ... 782732 characters truncated ... (listing_volatility_year__157)s, %(mutual_netbuy_amt__157)s, %(hold_ratio__157)s, %(secucode__157)s)]
[parameters: {'narrow_finish__0': 0, 'amplitude__0': 21.64, 'high_recent_30days__0': 0, 'low_funds_inflow__0': 0, 'hold_ratio_count__0': 53.55, 'directional_seo_1m__0': 0, 'upp_days__0': 0, 'high_price__0': 41.76, 'deal_amount__0': 1172478075.3, 'one_dayang_line__0': 0, 'short_avg_array__0': 0, 'macd_golden_fork__0': 0, 'popularity_rank__0': 45, 'total_market_cap__0': 5849616731, 'low_recent_5days__0': 0, 'kdj_golden_forky__0': 0, 'pettmdeducted__0': -87.95231398, 'equity_pledge_1m__0': 0, 'breakup_ma_30days__0': 0, 'down_7days__0': 0, 'browse_rank__0': 358, 'high_recent_20days__0': 0, 'allcorp_ratio__0': 9.30505172, 'equity_pledge_1y__0': 1, 'operate_profit_growthrate__0': 239.654638420938, 'upper_9days__0': 0, 'is_zz1000__0': '否', 'ycpeg__0': None, 'per_fcfe__0': -0.896331, 'executive_change_3m__0': None, 'ddx_3d__0': 8.07, 'win_market_3days__0': 1, 'directional_seo_6m__0': 0, 'par_it_equity__0': None, 'change_rate__0': 20.0, 'allcorp_bx_ratio__0': None, 'is_hs300__0': '否', 'debt_asset_ratio__0': 46.4949881792, 'directional_seo_1y__0': 0, 'predict_income_ratio__0': None, 'secucode__0': '300812.SZ', 'holdnum_growthrate_hy__0': 7.4711, 'limited_lift_f6m__0': 0, 'equity_ratio__0': 0.86898379417, 'equity_pledge_3m__0': 0, 'deduct_netprofit__0': 30331947.42, 'changerate_5days__0': 28.77, 'high_recent_5days__0': 0, 'area__0': '广东省', 'low_recent_30days__0': 0 ... 32448 parameters truncated ... 'upper_4days__157': 0, 'holder_change_3m__157': None, 'predict_type__157': None, 'goodwill_assets_ratro__157': 4.427436423296, 'allcorp_fund_num__157': 16.0, 'deduct_netprofit_growthrate__157': 43.614790795371, 'free_shares__157': 176748125, 'is_issue_break__157': None, 'upper_8days__157': 0, 'win_market_30days__157': 0, 'breakup_ma_10days__157': 1, 'down_narrow_volume__157': 0, 'win_market_5days__157': 0, 'netprofit_growthrate_3y__157': 1.7043426824, 'macd_golden_forkz__157': 0, 'hold_ratio__157': 1.67, 'per_netcash_operate__157': 1.485023717346, 'win_market_20days__157': 0, 'changerate_ty__157': 1.18, 'roe_weight__157': 11.71, 'allcorp_bx_num__157': None, 'free_cap__157': 9420675063, 'rise_sun__157': 0, 'equity_pledge_6m__157': 1, 'restore_justice__157': 0, 'org_rating__157': '增持+', 'evening_star__157': 0, 'ddx_5d__157': 0.243, 'now_newhigh__157': None, 'pregnant__157': 0, 'macd_golden_forky__157': 0, 'predict_netprofit_ratio__157': 24.9747204244, 'listing_yield_year__157': 24.753730596524, 'volume_ratio__157': 1.16, 'allcorp_qfii_num__157': None, 'limited_lift_f1y__157': 0, 'total_operate_income__157': 15496714698.37, 'sale_gpr__157': 10.5360024302, 'high_recent_3days__157': 0, 'par_dividend__157': None, 'allcorp_sb_ratio__157': None, 'holder_ratio__157': -20.61733, 'upside_volume__157': 0, 'jroa__157': 3.278453094, 'new_high__157': 47, 'equity_multiplier__157': 2.595612749928, 'allcorp_sb_num__157': None, 'win_market_10days__157': 0, 'low_price__157': 51.2, 'per_unassign_profit__157': 16.428101165051}]
(Background on this error at: https://sqlalche.me/e/20/f405)
2026-02-14 22:07:29,108 stockfetch.fetch_stocks_fund_flow处理异常：Expecting value: line 1 column 1 (char 0)
2026-02-14 22:07:29,262 stockfetch.fetch_stocks_fund_flow处理异常：Expecting value: line 1 column 1 (char 0)
2026-02-14 22:07:29,393 stockfetch.fetch_stocks_fund_flow处理异常：Expecting value: line 1 column 1 (char 0)
2026-02-14 22:07:29,517 stockfetch.fetch_stocks_fund_flow处理异常：Expecting value: line 1 column 1 (char 0)
2026-02-14 22:07:29,564 stockfetch.fetch_stocks_sector_fund_flow处理异常：Expecting property name enclosed in double quotes: line 1 column 2 (char 1)
2026-02-14 22:07:29,565 stockfetch.fetch_stocks_sector_fund_flow处理异常：Expecting property name enclosed in double quotes: line 1 column 2 (char 1)
2026-02-14 22:07:29,588 stockfetch.fetch_stocks_sector_fund_flow处理异常：Expecting property name enclosed in double quotes: line 1 column 2 (char 1)
2026-02-14 22:07:29,634 stockfetch.fetch_stocks_sector_fund_flow处理异常：Expecting property name enclosed in double quotes: line 1 column 2 (char 1)
2026-02-14 22:07:29,647 stockfetch.fetch_stocks_sector_fund_flow处理异常：Expecting property name enclosed in double quotes: line 1 column 2 (char 1)
2026-02-14 22:07:29,650 stockfetch.fetch_stocks_sector_fund_flow处理异常：Expecting property name enclosed in double quotes: line 1 column 2 (char 1)
2026-02-14 22:07:39,931 ######## 完成任务, 使用时间: 198.0639374256134 秒 #######
2026-02-14 22:08:28,907 数据库链接信息：postgresql+psycopg2://postgres:xjchilli@127.0.0.1:5432/tdx_stock
2026-02-14 22:08:29,757 ######## 任务执行时间: 2026-02-14 22:08:29.757545 #######
2026-02-14 22:08:29,822 Database check passed.
2026-02-14 22:08:29,887 Base tables created.
2026-02-14 22:10:14,990 数据库链接信息：postgresql+psycopg2://postgres:xjchilli@127.0.0.1:5432/tdx_stock
2026-02-14 22:10:15,817 ######## 任务执行时间: 2026-02-14 22:10:15.817648 #######
2026-02-14 22:10:15,884 Database check passed.
2026-02-14 22:10:15,944 Base tables created.
2026-02-14 22:16:57,526 database.insert_other_db_from_df处理异常：cn_stock_selection表(psycopg2.errors.DatatypeMismatch) 错误:  字段 "macd_golden_fork" 的类型为 boolean, 但表达式的类型为 integer
LINE 1: ...55441719, 5.6729699667, 7.4711, 53.55, 30.614184, 0, 0, 0, 0...
                                                             ^
HINT:  你需要重写或转换表达式

[SQL: INSERT INTO cn_stock_selection (date, code, name, new_price, change_rate, volume_ratio, high_price, low_price, pre_close_price, volume, deal_amount, turnoverrate, listing_date, industry, area, concept, style, is_hs300, is_sz50, is_zz500, is_zz1000, i ... 782732 characters truncated ... (listing_volatility_year__157)s, %(mutual_netbuy_amt__157)s, %(hold_ratio__157)s, %(secucode__157)s)]
[parameters: {'kdj_golden_forky__0': 0, 'limited_lift_1y__0': 0, 'per_fcfe__0': -0.896331, 'breakup_ma_20days__0': 0, 'holder_change_3m__0': None, 'hold_ratio__0': None, 'win_market_20days__0': 1, 'total_profit_growthrate__0': 240.6291058926, 'deal_amount__0': 1172478075.3, 'down_narrow_volume__0': 0, 'equity_pledge_3m__0': 0, 'is_issue_break__0': None, 'pregnant__0': 0, 'restore_justice__0': 0, 'per_surplus_reserve__0': 0.336200843466, 'two_dayang_lines__0': 0, 'predict_pe_nyear__0': None, 'style__0': 'QFII重仓, 昨日高振幅, 昨日高换手, 机构重仓, 昨日涨停, 昨日首板, 昨日涨停_含一字, 创业板综, 专精特新', 'netinflow_3days__0': 284874588, 'ddx_5d__0': 7.743, 'is_zz1000__0': '否', 'changerate_3days__0': 31.4, 'par_dividend__0': None, 'new_price__0': 41.76, 'deduct_netprofit__0': 30331947.42, 'evening_star__0': 0, 'predict_pe_syear__0': None, 'high_recent_20days__0': 0, 'holdnum_growthrate_hy__0': 7.4711, 'allcorp_bx_ratio__0': None, 'ddx_red_10d__0': 6, 'concept__0': '第三代半导体, 深圳特区, 半导体概念, 柔性屏(折叠屏), MiniLED, 虚拟现实, OLED', 'win_market_3days__0': 1, 'limited_lift_f1y__0': 0, 'nowinterst_ratio_3d__0': 11.24, 'directional_seo_1y__0': 0, 'nowinterst_ratio__0': 16.5, 'macd_golden_forkz__0': 0, 'parent_netprofit__0': 34691188.49, 'upper_4days__0': 0, 'equity_pledge_6m__0': 0, 'limited_lift_6m__0': 0, 'goodwill_scale__0': None, 'amplitude__0': 21.64, 'high_recent_3days__0': 0, 'free_shares__0': 92708057, 'toi_yoy_ratio__0': 12.7140877548, 'jroa__0': 2.3182088811, 'goodwill_assets_ratro__0': None, 'total_market_cap__0': 5849616731 ... 32448 parameters truncated ... 'allcorp_qs_num__157': None, 'netprofit_growthrate_3y__157': 1.7043426824, 'changerate_10days__157': -9.18, 'high_price__157': 53.63, 'win_market_5days__157': 0, 'heaven_rule__157': 0, 'allcorp_sb_ratio__157': None, 'breakup_ma_5days__157': 0, 'shooting_star__157': 0, 'low_recent_5days__157': 0, 'predict_type__157': None, 'win_market_10days__157': 0, 'pe9__157': 19.26908416, 'macd_golden_fork__157': 0, 'industry__157': '化学制品', 'black_cloud_tops__157': 0, 'short_avg_array__157': 0, 'browse_rank__157': 3307, 'nowinterst_ratio_5d__157': 2.7, 'allcorp_num__157': 16.0, 'directional_seo_1m__157': 0, 'pcfjyxjl9__157': 29.1886673, 'debt_asset_ratio__157': 61.4734516916, 'par_it_equity__157': None, 'low_funds_inflow__157': 0, 'high_recent_30days__157': 0, 'downnday__157': 0, 'allcorp_xt_num__157': None, 'now_newhigh__157': None, 'holder_ratio__157': -20.61733, 'allcorp_sb_num__157': None, 'pbnewmrq__157': 2.91548392, 'pettmdeducted__157': 22.55390053, 'upper_large_volume__157': 0, 'area__157': '山东省', 'allcorp_ratio__157': 3.03198487, 'listing_volatility_year__157': 7.455685552541, 'changerate_ty__157': 1.18, 'name__157': '国恩股份', 'avg_hold_num__157': 13940.22596419, 'hold_ratio_count__157': 67.33, 'one_dayang_line__157': 0, 'narrow_finish__157': 0, 'new_high__157': 47, 'roe_weight__157': 11.71, 'equity_multiplier__157': 2.595612749928, 'income_growthrate_3y__157': 25.3173999367, 'kdj_golden_forkz__157': 0, 'mutual_netbuy_amt__157': None, 'ddx_3d__157': 0.266}]
(Background on this error at: https://sqlalche.me/e/20/f405)
2026-02-14 22:26:04,483 ######## 完成任务, 使用时间: 1054.7258279323578 秒 #######
2026-02-14 22:27:49,683 ######## 完成任务, 使用时间: 1053.8655171394348 秒 #######
